<?xml version="1.0" encoding="UTF-8"?>
<!-- Generated by org.testng.reporters.JUnitReportReporter -->
<testsuite hostname="LAPTOP-ILEPHI4T" failures="0" tests="1" name="com.framework.testcases.LoginTest" time="3.189" errors="0" timestamp="2022-02-04T11:21:24 IST" skipped="0">
  <testcase classname="com.framework.testcases.LoginTest" name="LoginApp" time="3.189"/>
  <system-out/>
</testsuite> <!-- com.framework.testcases.LoginTest -->
