<?xml version="1.0" encoding="UTF-8"?>
<!-- Generated by org.testng.reporters.JUnitReportReporter -->
<testsuite hostname="LAPTOP-ILEPHI4T" failures="0" tests="1" name="com.framework.testcases.LoginTest" time="176.201" errors="0" timestamp="2022-11-28T00:20:13 IST" skipped="0">
  <testcase classname="com.framework.testcases.LoginTest" name="LoginApp" time="176.201"/>
  <system-out/>
</testsuite> <!-- com.framework.testcases.LoginTest -->
